c:\users\james\source\repos\autoenginecpp\autoenginecpp\debug\messagemap.obj
c:\users\james\source\repos\autoenginecpp\autoenginecpp\debug\mouse.obj
c:\users\james\source\repos\autoenginecpp\autoenginecpp\debug\window.obj
c:\users\james\source\repos\autoenginecpp\autoenginecpp\debug\keyboard.obj
c:\users\james\source\repos\autoenginecpp\autoenginecpp\debug\main.obj
c:\users\james\source\repos\autoenginecpp\autoenginecpp\debug\autoengineexception.obj
c:\users\james\source\repos\autoenginecpp\autoenginecpp\debug\vc141.pdb
c:\users\james\source\repos\autoenginecpp\debug\autoenginecpp.ilk
c:\users\james\source\repos\autoenginecpp\debug\autoenginecpp.exe
c:\users\james\source\repos\autoenginecpp\debug\autoenginecpp.pdb
c:\users\james\source\repos\autoenginecpp\autoenginecpp\debug\autoenginecpp.res
c:\users\james\source\repos\autoenginecpp\autoenginecpp\debug\vc141.idb
c:\users\james\source\repos\autoenginecpp\autoenginecpp\debug\autoenginecpp.tlog\cl.15292.write.1.tlog
c:\users\james\source\repos\autoenginecpp\autoenginecpp\debug\autoenginecpp.tlog\cl.command.1.tlog
c:\users\james\source\repos\autoenginecpp\autoenginecpp\debug\autoenginecpp.tlog\cl.read.1.tlog
c:\users\james\source\repos\autoenginecpp\autoenginecpp\debug\autoenginecpp.tlog\link.command.1.tlog
c:\users\james\source\repos\autoenginecpp\autoenginecpp\debug\autoenginecpp.tlog\link.read.1.tlog
c:\users\james\source\repos\autoenginecpp\autoenginecpp\debug\autoenginecpp.tlog\link.write.1.tlog
c:\users\james\source\repos\autoenginecpp\autoenginecpp\debug\autoenginecpp.tlog\rc.command.1.tlog
c:\users\james\source\repos\autoenginecpp\autoenginecpp\debug\autoenginecpp.tlog\rc.read.1.tlog
c:\users\james\source\repos\autoenginecpp\autoenginecpp\debug\autoenginecpp.tlog\rc.write.1.tlog
